2020-10-19T03:36:26+00:00 CRITICAL Maximum execution time of 120 seconds exceeded in C:\xampp\htdocs\Gaming\wp-includes\Requests\Transport\cURL.php in Zeile 441

2020-10-19T07:20:06+00:00 CRITICAL Uncaught Error: Call to a member function get_results() on null in D:\xampp\htdocs\gaming\wp-content\themes\ocean-child\functions.php:15
Stack trace:
#0 D:\xampp\htdocs\gaming\wp-includes\shortcodes.php(343): get_data('', '', 'greeting')
#1 [internal function]: do_shortcode_tag(Array)
#2 D:\xampp\htdocs\gaming\wp-includes\shortcodes.php(218): preg_replace_callback('/\\[(\\[?)(greeti...', 'do_shortcode_ta...', '<p>[greeting]</...')
#3 D:\xampp\htdocs\gaming\wp-content\plugins\yith-woocommerce-customize-myaccount-page\includes\class.yith-wcmap-frontend.php(312): do_shortcode('<p>[greeting]</...')
#4 D:\xampp\htdocs\gaming\wp-includes\class-wp-hook.php(287): YITH_WCMAP_Frontend->manage_account_content('')
#5 D:\xampp\htdocs\gaming\wp-includes\class-wp-hook.php(311): WP_Hook->apply_filters('', Array)
#6 D:\xampp\htdocs\gaming\wp-includes\plugin.php(478): WP_Hook->do_action(Array)
#7 D:\xampp\htdocs\gaming\wp-content\plugins\woocommerce\templates\myaccount\my-account.php(34): do_action('woocommerce_acc...')
#8 D:\ in D:\xampp\htdocs\gaming\wp-content\themes\ocean-child\functions.php in Zeile 15

2020-10-19T07:20:41+00:00 CRITICAL Uncaught Error: Call to a member function get_results() on null in D:\xampp\htdocs\gaming\wp-content\themes\ocean-child\functions.php:15
Stack trace:
#0 D:\xampp\htdocs\gaming\wp-includes\shortcodes.php(343): get_data('', '', 'greeting')
#1 [internal function]: do_shortcode_tag(Array)
#2 D:\xampp\htdocs\gaming\wp-includes\shortcodes.php(218): preg_replace_callback('/\\[(\\[?)(greeti...', 'do_shortcode_ta...', '<p>[greeting]</...')
#3 D:\xampp\htdocs\gaming\wp-content\plugins\yith-woocommerce-customize-myaccount-page\includes\class.yith-wcmap-frontend.php(312): do_shortcode('<p>[greeting]</...')
#4 D:\xampp\htdocs\gaming\wp-includes\class-wp-hook.php(287): YITH_WCMAP_Frontend->manage_account_content('')
#5 D:\xampp\htdocs\gaming\wp-includes\class-wp-hook.php(311): WP_Hook->apply_filters('', Array)
#6 D:\xampp\htdocs\gaming\wp-includes\plugin.php(478): WP_Hook->do_action(Array)
#7 D:\xampp\htdocs\gaming\wp-content\plugins\woocommerce\templates\myaccount\my-account.php(34): do_action('woocommerce_acc...')
#8 D:\ in D:\xampp\htdocs\gaming\wp-content\themes\ocean-child\functions.php in Zeile 15

2020-10-19T07:22:18+00:00 CRITICAL Uncaught Error: Call to a member function get_results() on null in D:\xampp\htdocs\gaming\wp-content\themes\ocean-child\functions.php:15
Stack trace:
#0 D:\xampp\htdocs\gaming\wp-includes\shortcodes.php(343): get_data('', '', 'greeting')
#1 [internal function]: do_shortcode_tag(Array)
#2 D:\xampp\htdocs\gaming\wp-includes\shortcodes.php(218): preg_replace_callback('/\\[(\\[?)(greeti...', 'do_shortcode_ta...', '<p>[greeting]</...')
#3 D:\xampp\htdocs\gaming\wp-content\plugins\yith-woocommerce-customize-myaccount-page\includes\class.yith-wcmap-frontend.php(312): do_shortcode('<p>[greeting]</...')
#4 D:\xampp\htdocs\gaming\wp-includes\class-wp-hook.php(287): YITH_WCMAP_Frontend->manage_account_content('')
#5 D:\xampp\htdocs\gaming\wp-includes\class-wp-hook.php(311): WP_Hook->apply_filters('', Array)
#6 D:\xampp\htdocs\gaming\wp-includes\plugin.php(478): WP_Hook->do_action(Array)
#7 D:\xampp\htdocs\gaming\wp-content\plugins\woocommerce\templates\myaccount\my-account.php(34): do_action('woocommerce_acc...')
#8 D:\ in D:\xampp\htdocs\gaming\wp-content\themes\ocean-child\functions.php in Zeile 15

2020-10-19T07:22:52+00:00 CRITICAL Uncaught Error: Call to a member function get_results() on null in D:\xampp\htdocs\gaming\wp-content\themes\ocean-child\functions.php:15
Stack trace:
#0 D:\xampp\htdocs\gaming\wp-includes\shortcodes.php(343): get_data('', '', 'greeting')
#1 [internal function]: do_shortcode_tag(Array)
#2 D:\xampp\htdocs\gaming\wp-includes\shortcodes.php(218): preg_replace_callback('/\\[(\\[?)(greeti...', 'do_shortcode_ta...', '<p>[greeting]</...')
#3 D:\xampp\htdocs\gaming\wp-content\plugins\yith-woocommerce-customize-myaccount-page\includes\class.yith-wcmap-frontend.php(312): do_shortcode('<p>[greeting]</...')
#4 D:\xampp\htdocs\gaming\wp-includes\class-wp-hook.php(287): YITH_WCMAP_Frontend->manage_account_content('')
#5 D:\xampp\htdocs\gaming\wp-includes\class-wp-hook.php(311): WP_Hook->apply_filters('', Array)
#6 D:\xampp\htdocs\gaming\wp-includes\plugin.php(478): WP_Hook->do_action(Array)
#7 D:\xampp\htdocs\gaming\wp-content\plugins\woocommerce\templates\myaccount\my-account.php(34): do_action('woocommerce_acc...')
#8 D:\ in D:\xampp\htdocs\gaming\wp-content\themes\ocean-child\functions.php in Zeile 15

2020-10-19T07:23:58+00:00 CRITICAL Uncaught Error: Call to a member function get_results() on null in D:\xampp\htdocs\gaming\wp-content\themes\ocean-child\functions.php:15
Stack trace:
#0 D:\xampp\htdocs\gaming\wp-includes\shortcodes.php(343): get_data('', '', 'greeting')
#1 [internal function]: do_shortcode_tag(Array)
#2 D:\xampp\htdocs\gaming\wp-includes\shortcodes.php(218): preg_replace_callback('/\\[(\\[?)(greeti...', 'do_shortcode_ta...', '<p>[greeting]</...')
#3 D:\xampp\htdocs\gaming\wp-content\plugins\yith-woocommerce-customize-myaccount-page\includes\class.yith-wcmap-frontend.php(312): do_shortcode('<p>[greeting]</...')
#4 D:\xampp\htdocs\gaming\wp-includes\class-wp-hook.php(287): YITH_WCMAP_Frontend->manage_account_content('')
#5 D:\xampp\htdocs\gaming\wp-includes\class-wp-hook.php(311): WP_Hook->apply_filters('', Array)
#6 D:\xampp\htdocs\gaming\wp-includes\plugin.php(478): WP_Hook->do_action(Array)
#7 D:\xampp\htdocs\gaming\wp-content\plugins\woocommerce\templates\myaccount\my-account.php(34): do_action('woocommerce_acc...')
#8 D:\ in D:\xampp\htdocs\gaming\wp-content\themes\ocean-child\functions.php in Zeile 15

2020-10-19T08:44:00+00:00 CRITICAL syntax error, unexpected '$data' (T_VARIABLE) in D:\xampp\htdocs\gaming\wp-content\themes\ocean-child\functions.php in Zeile 22

2020-10-19T08:57:11+00:00 CRITICAL require_once(): Failed opening required '../../../wp-config.php' (include_path='D:\xampp\php\PEAR') in D:\xampp\htdocs\gaming\wp-content\themes\ocean-child\functions.php in Zeile 14

2020-10-19T08:58:33+00:00 CRITICAL require_once(): Failed opening required '../../wp-config.php' (include_path='D:\xampp\php\PEAR') in D:\xampp\htdocs\gaming\wp-content\themes\ocean-child\functions.php in Zeile 14

2020-10-19T08:59:33+00:00 CRITICAL require_once(): Failed opening required '../../../../wp-config.php' (include_path='D:\xampp\php\PEAR') in D:\xampp\htdocs\gaming\wp-content\themes\ocean-child\functions.php in Zeile 14

2020-10-19T09:00:57+00:00 CRITICAL require_once(): Failed opening required '/../../../../wp-config.php' (include_path='D:\xampp\php\PEAR') in D:\xampp\htdocs\gaming\wp-content\themes\ocean-child\functions.php in Zeile 14

2020-10-19T09:01:20+00:00 CRITICAL require_once(): Failed opening required '/../../../../wp-config.php' (include_path='D:\xampp\php\PEAR') in D:\xampp\htdocs\gaming\wp-content\themes\ocean-child\functions.php in Zeile 14

2020-10-19T09:02:23+00:00 CRITICAL require_once(): Failed opening required '/../../../wp-config.php' (include_path='D:\xampp\php\PEAR') in D:\xampp\htdocs\gaming\wp-content\themes\ocean-child\functions.php in Zeile 14

2020-10-19T09:03:35+00:00 CRITICAL syntax error, unexpected ';' in D:\xampp\htdocs\gaming\wp-content\themes\ocean-child\functions.php in Zeile 14

2020-10-19T09:04:03+00:00 CRITICAL require_once(): Failed opening required 'D:/xampp/htdocs/wp-config.php' (include_path='D:\xampp\php\PEAR') in D:\xampp\htdocs\gaming\wp-content\themes\ocean-child\functions.php in Zeile 14

2020-10-19T09:04:39+00:00 CRITICAL Uncaught Error: Call to undefined function mysql_connect() in D:\xampp\htdocs\gaming\wp-content\themes\ocean-child\functions.php:15
Stack trace:
#0 D:\xampp\htdocs\gaming\wp-includes\shortcodes.php(343): get_data('', '', 'greeting')
#1 [internal function]: do_shortcode_tag(Array)
#2 D:\xampp\htdocs\gaming\wp-includes\shortcodes.php(218): preg_replace_callback('/\\[(\\[?)(greeti...', 'do_shortcode_ta...', '<p>[greeting]</...')
#3 D:\xampp\htdocs\gaming\wp-content\plugins\yith-woocommerce-customize-myaccount-page\includes\class.yith-wcmap-frontend.php(312): do_shortcode('<p>[greeting]</...')
#4 D:\xampp\htdocs\gaming\wp-includes\class-wp-hook.php(287): YITH_WCMAP_Frontend->manage_account_content('')
#5 D:\xampp\htdocs\gaming\wp-includes\class-wp-hook.php(311): WP_Hook->apply_filters('', Array)
#6 D:\xampp\htdocs\gaming\wp-includes\plugin.php(478): WP_Hook->do_action(Array)
#7 D:\xampp\htdocs\gaming\wp-content\plugins\woocommerce\templates\myaccount\my-account.php(34): do_action('woocommerce_acc...')
#8 D:\xampp in D:\xampp\htdocs\gaming\wp-content\themes\ocean-child\functions.php in Zeile 15

